<?xml version="1.0" encoding="UTF-8"?>
<testsuite name="NumbersTest" tests="1" skipped="0" failures="0" errors="0" timestamp="2022-10-05T02:26:32" hostname="Andrews-MacBook-Pro.local" time="0.228">
  <properties/>
  <testcase name="start" classname="NumbersTest" time="0.228"/>
  <system-out><![CDATA[?[1;31m
Start test 1?[0m
Enter a natural number:
> 0
This number is not natural!
?[1;31m
Start test 2?[0m
Enter a natural number:
> 1
Properties of 1
even: false
odd: true
buzz: false
duck: false
?[1;31m
Start test 3?[0m
Enter a natural number:
> 2
Properties of 2
even: true
odd: false
buzz: false
duck: false
?[1;31m
Start test 4?[0m
Enter a natural number:
> 3
Properties of 3
even: false
odd: true
buzz: false
duck: false
?[1;31m
Start test 5?[0m
Enter a natural number:
> 4
Properties of 4
even: true
odd: false
buzz: false
duck: false
?[1;31m
Start test 6?[0m
Enter a natural number:
> 5
Properties of 5
even: false
odd: true
buzz: false
duck: false
?[1;31m
Start test 7?[0m
Enter a natural number:
> 6
Properties of 6
even: true
odd: false
buzz: false
duck: false
?[1;31m
Start test 8?[0m
Enter a natural number:
> 7
Properties of 7
even: false
odd: true
buzz: true
duck: false
?[1;31m
Start test 9?[0m
Enter a natural number:
> 8
Properties of 8
even: true
odd: false
buzz: false
duck: false
?[1;31m
Start test 10?[0m
Enter a natural number:
> 9
Properties of 9
even: false
odd: true
buzz: false
duck: false
?[1;31m
Start test 11?[0m
Enter a natural number:
> 10
Properties of 10
even: true
odd: false
buzz: false
duck: true
?[1;31m
Start test 12?[0m
Enter a natural number:
> 11
Properties of 11
even: false
odd: true
buzz: false
duck: false
?[1;31m
Start test 13?[0m
Enter a natural number:
> 12
Properties of 12
even: true
odd: false
buzz: false
duck: false
?[1;31m
Start test 14?[0m
Enter a natural number:
> 13
Properties of 13
even: false
odd: true
buzz: false
duck: false
?[1;31m
Start test 15?[0m
Enter a natural number:
> 14
Properties of 14
even: true
odd: false
buzz: true
duck: false
?[1;31m
Start test 16?[0m
Enter a natural number:
> 19245
Properties of 19245
even: false
odd: true
buzz: false
duck: false
?[1;31m
Start test 17?[0m
Enter a natural number:
> 24863
Properties of 24863
even: false
odd: true
buzz: false
duck: false
?[1;31m
Start test 18?[0m
Enter a natural number:
> 20357
Properties of 20357
even: false
odd: true
buzz: true
duck: true
?[1;31m
Start test 19?[0m
Enter a natural number:
> 27380
Properties of 27380
even: true
odd: false
buzz: false
duck: true
?[1;31m
Start test 20?[0m
Enter a natural number:
> 3512
Properties of 3512
even: true
odd: false
buzz: false
duck: false
?[1;31m
Start test 21?[0m
Enter a natural number:
> 6922
Properties of 6922
even: true
odd: false
buzz: false
duck: false
?[1;31m
Start test 22?[0m
Enter a natural number:
> 18384
Properties of 18384
even: true
odd: false
buzz: false
duck: false
?[1;31m
Start test 23?[0m
Enter a natural number:
> 18377
Properties of 18377
even: false
odd: true
buzz: true
duck: false
?[1;31m
Start test 24?[0m
Enter a natural number:
> 31989
Properties of 31989
even: false
odd: true
buzz: false
duck: false
?[1;31m
Start test 25?[0m
Enter a natural number:
> 4136
Properties of 4136
even: true
odd: false
buzz: false
duck: false
?[1;31m
Start test 26?[0m
Enter a natural number:
> 28021
Properties of 28021
even: false
odd: true
buzz: true
duck: true
?[1;31m
Start test 27?[0m
Enter a natural number:
> 18775
Properties of 18775
even: false
odd: true
buzz: false
duck: false
?[1;31m
Start test 28?[0m
Enter a natural number:
> 8882
Properties of 8882
even: true
odd: false
buzz: false
duck: false
?[1;31m
Start test 29?[0m
Enter a natural number:
> 3999
Properties of 3999
even: false
odd: true
buzz: false
duck: false
?[1;31m
Start test 30?[0m
Enter a natural number:
> 20129
Properties of 20129
even: false
odd: true
buzz: false
duck: true
?[1;31m
Start test 31?[0m
Enter a natural number:
> 26229
Properties of 26229
even: false
odd: true
buzz: true
duck: false
?[1;31m
Start test 32?[0m
Enter a natural number:
> 16935
Properties of 16935
even: false
odd: true
buzz: false
duck: false
?[1;31m
Start test 33?[0m
Enter a natural number:
> 21986
Properties of 21986
even: true
odd: false
buzz: false
duck: false
?[1;31m
Start test 34?[0m
Enter a natural number:
> 30529
Properties of 30529
even: false
odd: true
buzz: false
duck: true
?[1;31m
Start test 35?[0m
Enter a natural number:
> 28817
Properties of 28817
even: false
odd: true
buzz: true
duck: false
]]></system-out>
  <system-err><![CDATA[]]></system-err>
</testsuite>
